%!Adobe-FontList 1.20
%Locale:0x409

%BeginFont
Handler:DirectoryHandler
FontType:Invalid
OutlineFileName:/Users/federico/CloudStation/Federico/_ Lavori/Bembo-local/Franzo-pilota/03 Libro/Il portfolio come progetto - Paolo Franzo/digitale/Document fonts/AdobeFnt21.lst
FileLength:4630
FileModTime:665402771
%EndFont

%BeginFont
Handler:DirectoryHandler
FontType:TrueType
FontName:Cormorant-Italic
FamilyName:Cormorant
StyleName:Italic
MenuName:Cormorant
StyleBits:1
WeightClass:400
WidthClass:5
AngleClass:1
FullName:Cormorant Italic
WritingScript:Roman
OutlineFileName:/Users/federico/CloudStation/Federico/_ Lavori/Bembo-local/Franzo-pilota/03 Libro/Il portfolio come progetto - Paolo Franzo/digitale/Document fonts/Cormorant-Italic.ttf
DataFormat:sfntData
hasSVG:no
VariableFontType:NonVariableFont
FileLength:304568
FileModTime:487634400
NameArray:0,Win,1,Cormorant
%EndFont

%BeginFont
Handler:DirectoryHandler
FontType:TrueType
FontName:Cormorant-Light
FamilyName:Cormorant
StyleName:Light
MenuName:Cormorant Light
StyleBits:0
WeightClass:300
WidthClass:5
AngleClass:0
FullName:Cormorant Light
WritingScript:Roman
OutlineFileName:/Users/federico/CloudStation/Federico/_ Lavori/Bembo-local/Franzo-pilota/03 Libro/Il portfolio come progetto - Paolo Franzo/digitale/Document fonts/Cormorant-Light.ttf
DataFormat:sfntData
hasSVG:no
VariableFontType:NonVariableFont
FileLength:404348
FileModTime:487634400
NameArray:0,Win,1,Cormorant Light
NameArray:0,Win,16,Cormorant
%EndFont

%BeginFont
Handler:DirectoryHandler
FontType:Type1
FontName:Cormorant-Medium
FamilyName:Cormorant
StyleName:Medium
MenuName:Cormorant Medium
StyleBits:0
WeightClass:500
WidthClass:5
AngleClass:0
FullName:Cormorant Medium
WritingScript:Roman
OutlineFileName:/Users/federico/CloudStation/Federico/_ Lavori/Bembo-local/Franzo-pilota/03 Libro/Il portfolio come progetto - Paolo Franzo/digitale/Document fonts/Cormorant-Medium.otf
DataFormat:sfntData
UsesStandardEncoding:yes
isCFF:yes
hasSVG:no
VariableFontType:NonVariableFont
FileLength:346540
FileModTime:663663732
NameArray:0,Mac,4,Cormorant Medium
NameArray:0,Win,1,Cormorant Medium
NameArray:0,Win,16,Cormorant
%EndFont

%BeginFont
Handler:DirectoryHandler
FontType:TrueType
FontName:Cormorant-Regular
FamilyName:Cormorant
StyleName:Regular
MenuName:Cormorant
StyleBits:0
WeightClass:400
WidthClass:5
AngleClass:0
FullName:Cormorant Regular
WritingScript:Roman
OutlineFileName:/Users/federico/CloudStation/Federico/_ Lavori/Bembo-local/Franzo-pilota/03 Libro/Il portfolio come progetto - Paolo Franzo/digitale/Document fonts/Cormorant-Regular.ttf
DataFormat:sfntData
hasSVG:no
VariableFontType:NonVariableFont
FileLength:406512
FileModTime:487634400
NameArray:0,Win,1,Cormorant
%EndFont

%BeginFont
Handler:DirectoryHandler
FontType:Type1
FontName:MinionPro-Regular
FamilyName:Minion Pro
StyleName:Regular
MenuName:Minion Pro
StyleBits:0
WeightClass:400
WidthClass:5
AngleClass:0
FullName:Minion Pro
WritingScript:Roman
OutlineFileName:/Users/federico/CloudStation/Federico/_ Lavori/Bembo-local/Franzo-pilota/03 Libro/Il portfolio come progetto - Paolo Franzo/digitale/Document fonts/MinionPro-Regular.otf
DataFormat:sfntData
UsesStandardEncoding:yes
isCFF:yes
hasSVG:no
VariableFontType:NonVariableFont
FileLength:218640
FileModTime:611011601
DesignSize:110
NameArray:0,Mac,4,Minion Pro
NameArray:0,Win,1,Minion Pro
%EndFont

%BeginFont
Handler:DirectoryHandler
FontType:Type1
FontName:SolideMirage-Mono
FamilyName:Solide Mirage
StyleName:Mono
MenuName:Solide Mirage Mono
StyleBits:0
WeightClass:400
WidthClass:6
AngleClass:0
FullName:Solide Mirage Mono
WritingScript:Roman
OutlineFileName:/Users/federico/CloudStation/Federico/_ Lavori/Bembo-local/Franzo-pilota/03 Libro/Il portfolio come progetto - Paolo Franzo/digitale/Document fonts/Solide_Mirage-Mono_web.otf
DataFormat:sfntData
UsesStandardEncoding:yes
isCFF:yes
hasSVG:no
VariableFontType:NonVariableFont
FileLength:61056
FileModTime:533011692
NameArray:0,Mac,4,Solide Mirage Mono
NameArray:0,Win,1,Solide Mirage Mono
NameArray:0,Win,16,Solide Mirage
%EndFont

%BeginFont
Handler:DirectoryHandler
FontType:TrueType
FontName:Staatliches-Regular
FamilyName:Staatliches
StyleName:Regular
MenuName:Staatliches
StyleBits:0
WeightClass:400
WidthClass:5
AngleClass:0
FullName:Staatliches Regular
WritingScript:Roman
OutlineFileName:/Users/federico/CloudStation/Federico/_ Lavori/Bembo-local/Franzo-pilota/03 Libro/Il portfolio come progetto - Paolo Franzo/digitale/Document fonts/Staatliches-Regular.ttf
DataFormat:sfntData
hasSVG:no
VariableFontType:NonVariableFont
FileLength:61312
FileModTime:566006400
NameArray:0,Win,1,Staatliches
%EndFont

